<?xml version="1.0" encoding="UTF-8" ?>
<testsuites>
  <testsuite errors="1" failures="0" hostname="Greenet-PC" id="0" name="VersaTest1" package="test" skipped="0" tests="3" time="6.406" timestamp="2017-06-14T07:35:15">
      <properties>
[...]
</properties>

      <testcase classname="test.VersaTest1" name="VerifyHeader" time="0.811">
          <error message="test timed out after 50 milliseconds" type="org.junit.runners.model.TestTimedOutException">org.junit.runners.model.TestTimedOutException: test timed out after 50 milliseconds
	at java.lang.Throwable.fillInStackTrace(Native Method)
	at java.lang.Throwable.fillInStackTrace(Throwable.java:783)
	at java.lang.Throwable.&lt;init&gt;(Throwable.java:287)
	at java.lang.Exception.&lt;init&gt;(Exception.java:84)
	at java.lang.ReflectiveOperationException.&lt;init&gt;(ReflectiveOperationException.java:75)
	at java.lang.ClassNotFoundException.&lt;init&gt;(ClassNotFoundException.java:82)
	at java.net.URLClassLoader.findClass(URLClassLoader.java:381)
	at java.lang.ClassLoader.loadClass(ClassLoader.java:424)
	at java.lang.ClassLoader.loadClass(ClassLoader.java:411)
	at sun.misc.Launcher$AppClassLoader.loadClass(Launcher.java:335)
	at java.lang.ClassLoader.loadClass(ClassLoader.java:357)
	at java.lang.Class.forName0(Native Method)
	at java.lang.Class.forName(Class.java:348)
	at com.sun.beans.finder.ClassFinder.findClass(ClassFinder.java:67)
	at com.sun.beans.finder.ClassFinder.findClass(ClassFinder.java:110)
	at com.sun.beans.finder.InstanceFinder.instantiate(InstanceFinder.java:93)
	at com.sun.beans.finder.InstanceFinder.find(InstanceFinder.java:66)
	at java.beans.Introspector.findExplicitBeanInfo(Introspector.java:448)
	at java.beans.Introspector.&lt;init&gt;(Introspector.java:398)
	at java.beans.Introspector.getBeanInfo(Introspector.java:173)
	at groovy.lang.MetaClassImpl$15.run(MetaClassImpl.java:3318)
	at java.security.AccessController.doPrivileged(Native Method)
	at groovy.lang.MetaClassImpl.addProperties(MetaClassImpl.java:3316)
	at groovy.lang.MetaClassImpl.initialize(MetaClassImpl.java:3293)
	at org.codehaus.groovy.reflection.ClassInfo.getMetaClassUnderLock(ClassInfo.java:260)
	at org.codehaus.groovy.reflection.ClassInfo.getMetaClass(ClassInfo.java:302)
	at org.codehaus.groovy.runtime.metaclass.MetaClassRegistryImpl.getMetaClass(MetaClassRegistryImpl.java:261)
	at org.codehaus.groovy.runtime.InvokerHelper.getMetaClass(InvokerHelper.java:883)
	at org.codehaus.groovy.runtime.callsite.CallSiteArray.createCallConstructorSite(CallSiteArray.java:87)
	at org.codehaus.groovy.runtime.callsite.CallSiteArray.defaultCallConstructor(CallSiteArray.java:60)
	at org.codehaus.groovy.runtime.callsite.AbstractCallSite.callConstructor(AbstractCallSite.java:235)
	at org.codehaus.groovy.runtime.callsite.AbstractCallSite.callConstructor(AbstractCallSite.java:247)
	at io.restassured.internal.RequestSpecificationImpl.&lt;init&gt;(RequestSpecificationImpl.groovy:111)
	at io.restassured.RestAssured.createTestSpecification(RestAssured.java:1492)
	at io.restassured.RestAssured.given(RestAssured.java:711)
	at test.VersaTest1.VerifyHeader(VersaTest1.java:71)
	at java.util.concurrent.FutureTask.run(FutureTask.java:266)
	at java.lang.Thread.run(Thread.java:748)
</error>

      </testcase>

      <testcase classname="test.VersaTest1" name="VerifyResponseCode" time="2.999" />

      <testcase classname="test.VersaTest1" name="VerifyBodyContent" time="2.54" />

      <system-out><![CDATA[]]></system-out>

      <system-err><![CDATA[]]></system-err>

  </testsuite>
</testsuites>
